{"C:\\Users\\user\\OneDrive\\Desktop\\SE_Project\\se-project-be-68-2-midnight9\\controllers\\auth.js": {"path":"C:\\Users\\user\\OneDrive\\Desktop\\SE_Project\\se-project-be-68-2-midnight9\\controllers\\auth.js","statementMap":{"0":{"start":{"line":1,"column":13},"end":{"line":1,"column":38}},"1":{"start":{"line":2,"column":19},"end":{"line":2,"column":42}},"2":{"start":{"line":7,"column":0},"end":{"line":17,"column":2}},"3":{"start":{"line":8,"column":2},"end":{"line":8,"column":20}},"4":{"start":{"line":9,"column":2},"end":{"line":16,"column":3}},"5":{"start":{"line":10,"column":60},"end":{"line":10,"column":68}},"6":{"start":{"line":11,"column":17},"end":{"line":11,"column":83}},"7":{"start":{"line":12,"column":4},"end":{"line":12,"column":38}},"8":{"start":{"line":14,"column":4},"end":{"line":14,"column":45}},"9":{"start":{"line":15,"column":4},"end":{"line":15,"column":27}},"10":{"start":{"line":22,"column":0},"end":{"line":44,"column":2}},"11":{"start":{"line":23,"column":2},"end":{"line":23,"column":20}},"12":{"start":{"line":24,"column":30},"end":{"line":24,"column":38}},"13":{"start":{"line":26,"column":2},"end":{"line":28,"column":3}},"14":{"start":{"line":27,"column":4},"end":{"line":27,"column":97}},"15":{"start":{"line":31,"column":15},"end":{"line":31,"column":64}},"16":{"start":{"line":33,"column":2},"end":{"line":35,"column":3}},"17":{"start":{"line":34,"column":4},"end":{"line":34,"column":80}},"18":{"start":{"line":37,"column":18},"end":{"line":37,"column":52}},"19":{"start":{"line":39,"column":2},"end":{"line":41,"column":3}},"20":{"start":{"line":40,"column":4},"end":{"line":40,"column":80}},"21":{"start":{"line":43,"column":2},"end":{"line":43,"column":36}},"22":{"start":{"line":49,"column":0},"end":{"line":56,"column":2}},"23":{"start":{"line":50,"column":2},"end":{"line":50,"column":20}},"24":{"start":{"line":51,"column":2},"end":{"line":54,"column":5}},"25":{"start":{"line":55,"column":2},"end":{"line":55,"column":52}},"26":{"start":{"line":61,"column":0},"end":{"line":65,"column":2}},"27":{"start":{"line":62,"column":2},"end":{"line":62,"column":20}},"28":{"start":{"line":63,"column":15},"end":{"line":63,"column":47}},"29":{"start":{"line":64,"column":2},"end":{"line":64,"column":54}},"30":{"start":{"line":68,"column":26},"end":{"line":79,"column":1}},"31":{"start":{"line":69,"column":16},"end":{"line":69,"column":40}},"32":{"start":{"line":71,"column":18},"end":{"line":74,"column":3}},"33":{"start":{"line":76,"column":2},"end":{"line":76,"column":67}},"34":{"start":{"line":76,"column":45},"end":{"line":76,"column":67}},"35":{"start":{"line":78,"column":2},"end":{"line":78,"column":88}},"36":{"start":{"line":84,"column":0},"end":{"line":106,"column":2}},"37":{"start":{"line":85,"column":2},"end":{"line":85,"column":20}},"38":{"start":{"line":86,"column":4},"end":{"line":105,"column":5}},"39":{"start":{"line":87,"column":31},"end":{"line":92,"column":9}},"40":{"start":{"line":94,"column":21},"end":{"line":97,"column":10}},"41":{"start":{"line":99,"column":8},"end":{"line":102,"column":11}},"42":{"start":{"line":104,"column":8},"end":{"line":104,"column":71}},"43":{"start":{"line":111,"column":0},"end":{"line":140,"column":2}},"44":{"start":{"line":112,"column":2},"end":{"line":112,"column":20}},"45":{"start":{"line":113,"column":4},"end":{"line":139,"column":5}},"46":{"start":{"line":114,"column":21},"end":{"line":114,"column":73}},"47":{"start":{"line":116,"column":8},"end":{"line":121,"column":9}},"48":{"start":{"line":117,"column":12},"end":{"line":120,"column":15}},"49":{"start":{"line":123,"column":24},"end":{"line":123,"column":74}},"50":{"start":{"line":124,"column":8},"end":{"line":129,"column":9}},"51":{"start":{"line":125,"column":12},"end":{"line":128,"column":15}},"52":{"start":{"line":131,"column":8},"end":{"line":131,"column":45}},"53":{"start":{"line":132,"column":8},"end":{"line":132,"column":26}},"54":{"start":{"line":134,"column":8},"end":{"line":134,"column":42}},"55":{"start":{"line":137,"column":8},"end":{"line":137,"column":31}},"56":{"start":{"line":138,"column":8},"end":{"line":138,"column":74}},"57":{"start":{"line":145,"column":0},"end":{"line":158,"column":2}},"58":{"start":{"line":146,"column":2},"end":{"line":146,"column":20}},"59":{"start":{"line":147,"column":4},"end":{"line":157,"column":5}},"60":{"start":{"line":148,"column":22},"end":{"line":148,"column":39}},"61":{"start":{"line":150,"column":8},"end":{"line":154,"column":11}},"62":{"start":{"line":156,"column":8},"end":{"line":156,"column":74}},"63":{"start":{"line":163,"column":0},"end":{"line":184,"column":2}},"64":{"start":{"line":164,"column":2},"end":{"line":164,"column":20}},"65":{"start":{"line":165,"column":4},"end":{"line":183,"column":5}},"66":{"start":{"line":166,"column":21},"end":{"line":166,"column":55}},"67":{"start":{"line":168,"column":8},"end":{"line":173,"column":9}},"68":{"start":{"line":169,"column":12},"end":{"line":172,"column":15}},"69":{"start":{"line":175,"column":8},"end":{"line":175,"column":31}},"70":{"start":{"line":177,"column":8},"end":{"line":180,"column":11}},"71":{"start":{"line":182,"column":8},"end":{"line":182,"column":74}}},"fnMap":{"0":{"name":"(anonymous_0)","decl":{"start":{"line":7,"column":19},"end":{"line":7,"column":20}},"loc":{"start":{"line":7,"column":45},"end":{"line":17,"column":1}},"line":7},"1":{"name":"(anonymous_1)","decl":{"start":{"line":22,"column":16},"end":{"line":22,"column":17}},"loc":{"start":{"line":22,"column":42},"end":{"line":44,"column":1}},"line":22},"2":{"name":"(anonymous_2)","decl":{"start":{"line":49,"column":17},"end":{"line":49,"column":18}},"loc":{"start":{"line":49,"column":43},"end":{"line":56,"column":1}},"line":49},"3":{"name":"(anonymous_3)","decl":{"start":{"line":61,"column":16},"end":{"line":61,"column":17}},"loc":{"start":{"line":61,"column":42},"end":{"line":65,"column":1}},"line":61},"4":{"name":"(anonymous_4)","decl":{"start":{"line":68,"column":26},"end":{"line":68,"column":27}},"loc":{"start":{"line":68,"column":53},"end":{"line":79,"column":1}},"line":68},"5":{"name":"(anonymous_5)","decl":{"start":{"line":84,"column":24},"end":{"line":84,"column":25}},"loc":{"start":{"line":84,"column":50},"end":{"line":106,"column":1}},"line":84},"6":{"name":"(anonymous_6)","decl":{"start":{"line":111,"column":25},"end":{"line":111,"column":26}},"loc":{"start":{"line":111,"column":51},"end":{"line":140,"column":1}},"line":111},"7":{"name":"(anonymous_7)","decl":{"start":{"line":145,"column":19},"end":{"line":145,"column":20}},"loc":{"start":{"line":145,"column":45},"end":{"line":158,"column":1}},"line":145},"8":{"name":"(anonymous_8)","decl":{"start":{"line":163,"column":21},"end":{"line":163,"column":22}},"loc":{"start":{"line":163,"column":47},"end":{"line":184,"column":1}},"line":163}},"branchMap":{"0":{"loc":{"start":{"line":26,"column":2},"end":{"line":28,"column":3}},"type":"if","locations":[{"start":{"line":26,"column":2},"end":{"line":28,"column":3}},{"start":{},"end":{}}],"line":26},"1":{"loc":{"start":{"line":26,"column":6},"end":{"line":26,"column":25}},"type":"binary-expr","locations":[{"start":{"line":26,"column":6},"end":{"line":26,"column":12}},{"start":{"line":26,"column":16},"end":{"line":26,"column":25}}],"line":26},"2":{"loc":{"start":{"line":33,"column":2},"end":{"line":35,"column":3}},"type":"if","locations":[{"start":{"line":33,"column":2},"end":{"line":35,"column":3}},{"start":{},"end":{}}],"line":33},"3":{"loc":{"start":{"line":39,"column":2},"end":{"line":41,"column":3}},"type":"if","locations":[{"start":{"line":39,"column":2},"end":{"line":41,"column":3}},{"start":{},"end":{}}],"line":39},"4":{"loc":{"start":{"line":76,"column":2},"end":{"line":76,"column":67}},"type":"if","locations":[{"start":{"line":76,"column":2},"end":{"line":76,"column":67}},{"start":{},"end":{}}],"line":76},"5":{"loc":{"start":{"line":116,"column":8},"end":{"line":121,"column":9}},"type":"if","locations":[{"start":{"line":116,"column":8},"end":{"line":121,"column":9}},{"start":{},"end":{}}],"line":116},"6":{"loc":{"start":{"line":116,"column":12},"end":{"line":116,"column":62}},"type":"binary-expr","locations":[{"start":{"line":116,"column":12},"end":{"line":116,"column":37}},{"start":{"line":116,"column":41},"end":{"line":116,"column":62}}],"line":116},"7":{"loc":{"start":{"line":124,"column":8},"end":{"line":129,"column":9}},"type":"if","locations":[{"start":{"line":124,"column":8},"end":{"line":129,"column":9}},{"start":{},"end":{}}],"line":124},"8":{"loc":{"start":{"line":168,"column":8},"end":{"line":173,"column":9}},"type":"if","locations":[{"start":{"line":168,"column":8},"end":{"line":173,"column":9}},{"start":{},"end":{}}],"line":168}},"s":{"0":1,"1":1,"2":1,"3":2,"4":2,"5":2,"6":2,"7":1,"8":1,"9":1,"10":1,"11":4,"12":4,"13":4,"14":1,"15":3,"16":3,"17":2,"18":1,"19":1,"20":1,"21":0,"22":1,"23":1,"24":1,"25":1,"26":1,"27":1,"28":1,"29":1,"30":1,"31":2,"32":2,"33":2,"34":2,"35":2,"36":1,"37":3,"38":3,"39":3,"40":3,"41":1,"42":2,"43":1,"44":3,"45":3,"46":3,"47":3,"48":1,"49":2,"50":1,"51":0,"52":1,"53":1,"54":1,"55":1,"56":1,"57":1,"58":2,"59":2,"60":2,"61":1,"62":1,"63":1,"64":3,"65":3,"66":3,"67":2,"68":1,"69":1,"70":1,"71":1},"f":{"0":2,"1":4,"2":1,"3":1,"4":2,"5":3,"6":3,"7":2,"8":3},"b":{"0":[1,3],"1":[4,4],"2":[2,1],"3":[1,0],"4":[2,0],"5":[1,2],"6":[3,3],"7":[0,1],"8":[1,1]},"_coverageSchema":"1a1c01bbd47fc00a2c39e90264f33305004495a9","hash":"543856c0c7f1c86b3bf951be0a235b2a3afc47b0"}
,"C:\\Users\\user\\OneDrive\\Desktop\\SE_Project\\se-project-be-68-2-midnight9\\models\\User.js": {"path":"C:\\Users\\user\\OneDrive\\Desktop\\SE_Project\\se-project-be-68-2-midnight9\\models\\User.js","statementMap":{"0":{"start":{"line":1,"column":17},"end":{"line":1,"column":36}},"1":{"start":{"line":2,"column":17},"end":{"line":2,"column":36}},"2":{"start":{"line":3,"column":17},"end":{"line":3,"column":40}},"3":{"start":{"line":5,"column":19},"end":{"line":40,"column":2}},"4":{"start":{"line":43,"column":0},"end":{"line":47,"column":3}},"5":{"start":{"line":44,"column":2},"end":{"line":44,"column":43}},"6":{"start":{"line":44,"column":36},"end":{"line":44,"column":43}},"7":{"start":{"line":45,"column":18},"end":{"line":45,"column":42}},"8":{"start":{"line":46,"column":2},"end":{"line":46,"column":57}},"9":{"start":{"line":50,"column":0},"end":{"line":54,"column":2}},"10":{"start":{"line":51,"column":2},"end":{"line":53,"column":5}},"11":{"start":{"line":57,"column":0},"end":{"line":59,"column":2}},"12":{"start":{"line":58,"column":2},"end":{"line":58,"column":62}},"13":{"start":{"line":61,"column":0},"end":{"line":61,"column":52}}},"fnMap":{"0":{"name":"(anonymous_0)","decl":{"start":{"line":43,"column":23},"end":{"line":43,"column":24}},"loc":{"start":{"line":43,"column":41},"end":{"line":47,"column":1}},"line":43},"1":{"name":"(anonymous_1)","decl":{"start":{"line":50,"column":39},"end":{"line":50,"column":40}},"loc":{"start":{"line":50,"column":51},"end":{"line":54,"column":1}},"line":50},"2":{"name":"(anonymous_2)","decl":{"start":{"line":57,"column":35},"end":{"line":57,"column":36}},"loc":{"start":{"line":57,"column":68},"end":{"line":59,"column":1}},"line":57}},"branchMap":{"0":{"loc":{"start":{"line":44,"column":2},"end":{"line":44,"column":43}},"type":"if","locations":[{"start":{"line":44,"column":2},"end":{"line":44,"column":43}},{"start":{},"end":{}}],"line":44}},"s":{"0":1,"1":1,"2":1,"3":1,"4":1,"5":14,"6":1,"7":13,"8":13,"9":1,"10":2,"11":1,"12":2,"13":1},"f":{"0":14,"1":2,"2":2},"b":{"0":[1,13]},"_coverageSchema":"1a1c01bbd47fc00a2c39e90264f33305004495a9","hash":"174ead59da7e8486417cb1b219ff83de9f32c192"}
}
