TN:
SF:controllers\auth.js
FN:7,(anonymous_0)
FN:22,(anonymous_1)
FN:49,(anonymous_2)
FN:61,(anonymous_3)
FN:68,(anonymous_4)
FN:84,(anonymous_5)
FN:111,(anonymous_6)
FN:145,(anonymous_7)
FN:163,(anonymous_8)
FNF:9
FNH:9
FNDA:2,(anonymous_0)
FNDA:4,(anonymous_1)
FNDA:1,(anonymous_2)
FNDA:1,(anonymous_3)
FNDA:2,(anonymous_4)
FNDA:3,(anonymous_5)
FNDA:3,(anonymous_6)
FNDA:2,(anonymous_7)
FNDA:3,(anonymous_8)
DA:1,1
DA:2,1
DA:7,1
DA:8,2
DA:9,2
DA:10,2
DA:11,2
DA:12,1
DA:14,1
DA:15,1
DA:22,1
DA:23,4
DA:24,4
DA:26,4
DA:27,1
DA:31,3
DA:33,3
DA:34,2
DA:37,1
DA:39,1
DA:40,1
DA:43,0
DA:49,1
DA:50,1
DA:51,1
DA:55,1
DA:61,1
DA:62,1
DA:63,1
DA:64,1
DA:68,1
DA:69,2
DA:71,2
DA:76,2
DA:78,2
DA:84,1
DA:85,3
DA:86,3
DA:87,3
DA:94,3
DA:99,1
DA:104,2
DA:111,1
DA:112,3
DA:113,3
DA:114,3
DA:116,3
DA:117,1
DA:123,2
DA:124,1
DA:125,0
DA:131,1
DA:132,1
DA:134,1
DA:137,1
DA:138,1
DA:145,1
DA:146,2
DA:147,2
DA:148,2
DA:150,1
DA:156,1
DA:163,1
DA:164,3
DA:165,3
DA:166,3
DA:168,2
DA:169,1
DA:175,1
DA:177,1
DA:182,1
LF:71
LH:69
BRDA:26,0,0,1
BRDA:26,0,1,3
BRDA:26,1,0,4
BRDA:26,1,1,4
BRDA:33,2,0,2
BRDA:33,2,1,1
BRDA:39,3,0,1
BRDA:39,3,1,0
BRDA:76,4,0,2
BRDA:76,4,1,0
BRDA:116,5,0,1
BRDA:116,5,1,2
BRDA:116,6,0,3
BRDA:116,6,1,3
BRDA:124,7,0,0
BRDA:124,7,1,1
BRDA:168,8,0,1
BRDA:168,8,1,1
BRF:18
BRH:15
end_of_record
TN:
SF:models\User.js
FN:43,(anonymous_0)
FN:50,(anonymous_1)
FN:57,(anonymous_2)
FNF:3
FNH:3
FNDA:14,(anonymous_0)
FNDA:2,(anonymous_1)
FNDA:2,(anonymous_2)
DA:1,1
DA:2,1
DA:3,1
DA:5,1
DA:43,1
DA:44,14
DA:45,13
DA:46,13
DA:50,1
DA:51,2
DA:57,1
DA:58,2
DA:61,1
LF:13
LH:13
BRDA:44,0,0,1
BRDA:44,0,1,13
BRF:2
BRH:2
end_of_record
